<?xml version="1.0" encoding="UTF-8"?>
<!-- Generated by org.testng.reporters.JUnitReportReporter -->
<testsuite hostname="wonders-Air.lan" failures="0" tests="1" name="cucumber.TestNGTestRunner" time="20.920" errors="0" timestamp="2024-03-26T01:27:15 PDT" skipped="0">
  <testcase classname="cucumber.TestNGTestRunner" name="runScenario" time="20.920"/>
  <system-out/>
</testsuite> <!-- cucumber.TestNGTestRunner -->
