<?xml version="1.0" encoding="UTF-8"?>
<!-- Generated by org.testng.reporters.JUnitReportReporter -->
<testsuite hostname="wonders-Air.lan" failures="0" tests="1" name="rshettyacademy.tests.ErrorValidations" time="14.507" errors="0" timestamp="2024-03-22T19:19:18 PDT" skipped="0">
  <testcase classname="rshettyacademy.tests.ErrorValidations" name="submitorder" time="14.507"/>
  <system-out/>
</testsuite> <!-- rshettyacademy.tests.ErrorValidations -->
