<?xml version="1.0" encoding="UTF-8"?>
<!-- Generated by org.testng.reporters.JUnitReportReporter -->
<testsuite hostname="wonders-Air.lan" failures="0" tests="3" name="rshettyacademy.tests.SubmitOrderTest" time="38.814" errors="0" timestamp="2024-03-25T16:23:16 PDT" skipped="0">
  <testcase classname="rshettyacademy.tests.SubmitOrderTest" name="submitorder" time="13.941"/>
  <testcase classname="rshettyacademy.tests.SubmitOrderTest" name="OrderHistoryTest" time="8.073"/>
  <testcase classname="rshettyacademy.tests.SubmitOrderTest" name="submitorder" time="16.800"/>
</testsuite> <!-- rshettyacademy.tests.SubmitOrderTest -->
