<?xml version="1.0" encoding="UTF-8"?>
<!-- Generated by org.testng.reporters.JUnitReportReporter -->
<testsuite hostname="wonders-Air.lan" failures="0" tests="1" name="cucumber.TestNGTestRunner" time="18.025" errors="0" timestamp="2024-03-26T01:38:24 PDT" skipped="0">
  <testcase classname="cucumber.TestNGTestRunner" name="runScenario" time="18.025"/>
</testsuite> <!-- cucumber.TestNGTestRunner -->
