<?xml version="1.0" encoding="UTF-8"?>
<!-- Generated by org.testng.reporters.JUnitReportReporter -->
<testsuite hostname="wonders-Air.lan" failures="0" tests="2" name="rshettyacademy.tests.ErrorValidationsTest" time="24.663" errors="0" timestamp="2024-03-25T16:23:16 PDT" skipped="0">
  <testcase classname="rshettyacademy.tests.ErrorValidationsTest" name="ProductErrorValidation" time="16.411"/>
  <testcase classname="rshettyacademy.tests.ErrorValidationsTest" name="LoginErrorValidation" time="8.252"/>
</testsuite> <!-- rshettyacademy.tests.ErrorValidationsTest -->
